  Source.cpp
C:\Users\eliah\source\repos\Restaurant-Final_Project\Restaurant-Final_Project\Entities.h(264,24): warning C4018: '<': signed/unsigned mismatch
C:\Users\eliah\source\repos\Restaurant-Final_Project\Restaurant-Final_Project\Entities.h(276,24): warning C4018: '<': signed/unsigned mismatch
C:\Users\eliah\source\repos\Restaurant-Final_Project\Restaurant-Final_Project\Entities.h(298,24): warning C4018: '<': signed/unsigned mismatch
C:\Users\eliah\source\repos\Restaurant-Final_Project\Restaurant-Final_Project\Entities.h(312,24): warning C4018: '<': signed/unsigned mismatch
C:\Users\eliah\source\repos\Restaurant-Final_Project\Restaurant-Final_Project\Entities.h(317,44): warning C4018: '<': signed/unsigned mismatch
C:\Users\eliah\source\repos\Restaurant-Final_Project\Restaurant-Final_Project\Entities.h(374,24): warning C4018: '<': signed/unsigned mismatch
C:\Users\eliah\source\repos\Restaurant-Final_Project\Restaurant-Final_Project\Entities.h(613,24): warning C4018: '<': signed/unsigned mismatch
C:\Users\eliah\source\repos\Restaurant-Final_Project\Restaurant-Final_Project\Functions.h(36,50): warning C4244: 'argument': conversion from 'double' to 'const int', possible loss of data
C:\Users\eliah\source\repos\Restaurant-Final_Project\Restaurant-Final_Project\Functions.h(354,23): warning C4018: '<': signed/unsigned mismatch
C:\Users\eliah\source\repos\Restaurant-Final_Project\Restaurant-Final_Project\Functions.h(405,23): warning C4018: '<': signed/unsigned mismatch
C:\Users\eliah\source\repos\Restaurant-Final_Project\Restaurant-Final_Project\Functions.h(417,23): warning C4018: '<': signed/unsigned mismatch
C:\Users\eliah\source\repos\Restaurant-Final_Project\Restaurant-Final_Project\Functions.h(422,43): warning C4018: '<': signed/unsigned mismatch
C:\Users\eliah\source\repos\Restaurant-Final_Project\Restaurant-Final_Project\Functions.h(437,23): warning C4018: '<': signed/unsigned mismatch
C:\Users\eliah\source\repos\Restaurant-Final_Project\Restaurant-Final_Project\Functions.h(449,23): warning C4018: '<': signed/unsigned mismatch
C:\Users\eliah\source\repos\Restaurant-Final_Project\Restaurant-Final_Project\Functions.h(464,23): warning C4018: '<': signed/unsigned mismatch
C:\Users\eliah\source\repos\Restaurant-Final_Project\Restaurant-Final_Project\Functions.h(479,23): warning C4018: '<': signed/unsigned mismatch
C:\Users\eliah\source\repos\Restaurant-Final_Project\Restaurant-Final_Project\Functions.h(496,23): warning C4018: '<': signed/unsigned mismatch
C:\Users\eliah\source\repos\Restaurant-Final_Project\Restaurant-Final_Project\Functions.h(589,23): warning C4018: '<': signed/unsigned mismatch
C:\Users\eliah\source\repos\Restaurant-Final_Project\Restaurant-Final_Project\Functions.h(603,23): warning C4018: '<': signed/unsigned mismatch
C:\Users\eliah\source\repos\Restaurant-Final_Project\Restaurant-Final_Project\Functions.h(614,23): warning C4018: '<': signed/unsigned mismatch
C:\Users\eliah\source\repos\Restaurant-Final_Project\Restaurant-Final_Project\Functions.h(626,23): warning C4018: '<': signed/unsigned mismatch
C:\Users\eliah\source\repos\Restaurant-Final_Project\Restaurant-Final_Project\Functions.h(710,23): warning C4018: '<': signed/unsigned mismatch
C:\Users\eliah\source\repos\Restaurant-Final_Project\Restaurant-Final_Project\Functions.h(724,23): warning C4018: '<': signed/unsigned mismatch
C:\Users\eliah\source\repos\Restaurant-Final_Project\Restaurant-Final_Project\Functions.h(741,23): warning C4018: '<': signed/unsigned mismatch
C:\Users\eliah\source\repos\Restaurant-Final_Project\Restaurant-Final_Project\Functions.h(753,23): warning C4018: '<': signed/unsigned mismatch
C:\Users\eliah\source\repos\Restaurant-Final_Project\Restaurant-Final_Project\Functions.h(765,23): warning C4018: '<': signed/unsigned mismatch
C:\Users\eliah\source\repos\Restaurant-Final_Project\Restaurant-Final_Project\Functions.h(770,53): warning C4018: '<': signed/unsigned mismatch
C:\Users\eliah\source\repos\Restaurant-Final_Project\Restaurant-Final_Project\Functions.h(781,23): warning C4018: '<': signed/unsigned mismatch
C:\Users\eliah\source\repos\Restaurant-Final_Project\Restaurant-Final_Project\Functions.h(799,23): warning C4018: '<': signed/unsigned mismatch
C:\Users\eliah\source\repos\Restaurant-Final_Project\Restaurant-Final_Project\Functions.h(820,23): warning C4018: '<': signed/unsigned mismatch
C:\Users\eliah\source\repos\Restaurant-Final_Project\Restaurant-Final_Project\Functions.h(875,23): warning C4018: '<': signed/unsigned mismatch
C:\Users\eliah\source\repos\Restaurant-Final_Project\Restaurant-Final_Project\Functions.h(891,23): warning C4018: '<': signed/unsigned mismatch
C:\Users\eliah\source\repos\Restaurant-Final_Project\Restaurant-Final_Project\File.h(39,24): warning C4018: '<': signed/unsigned mismatch
C:\Users\eliah\source\repos\Restaurant-Final_Project\Restaurant-Final_Project\File.h(78,24): warning C4018: '<': signed/unsigned mismatch
C:\Users\eliah\source\repos\Restaurant-Final_Project\Restaurant-Final_Project\File.h(101,24): warning C4018: '<': signed/unsigned mismatch
C:\Users\eliah\source\repos\Restaurant-Final_Project\Restaurant-Final_Project\Start.h(150,31): warning C4018: '<': signed/unsigned mismatch
C:\Users\eliah\source\repos\Restaurant-Final_Project\Restaurant-Final_Project\Start.h(182,31): warning C4018: '<': signed/unsigned mismatch
C:\Users\eliah\source\repos\Restaurant-Final_Project\Restaurant-Final_Project\Start.h(229,31): warning C4018: '<': signed/unsigned mismatch
C:\Users\eliah\source\repos\Restaurant-Final_Project\Restaurant-Final_Project\Start.h(450,32): warning C4018: '<': signed/unsigned mismatch
C:\Users\eliah\source\repos\Restaurant-Final_Project\Restaurant-Final_Project\Start.h(452,33): warning C4018: '<': signed/unsigned mismatch
C:\Users\eliah\source\repos\Restaurant-Final_Project\Restaurant-Final_Project\Start.h(494,32): warning C4018: '<': signed/unsigned mismatch
C:\Users\eliah\source\repos\Restaurant-Final_Project\Restaurant-Final_Project\Start.h(528,18): warning C4018: '<=': signed/unsigned mismatch
C:\Users\eliah\source\repos\Restaurant-Final_Project\Restaurant-Final_Project\Start.h(557,18): warning C4018: '<=': signed/unsigned mismatch
C:\Users\eliah\source\repos\Restaurant-Final_Project\Restaurant-Final_Project\Start.h(633,27): warning C4018: '<': signed/unsigned mismatch
C:\Users\eliah\source\repos\Restaurant-Final_Project\Restaurant-Final_Project\Start.h(817,16): warning C4129: 'O': unrecognized character escape sequence
C:\Users\eliah\source\repos\Restaurant-Final_Project\Restaurant-Final_Project\Source.cpp(13,13): warning C4326: return type of 'main' should be 'int' instead of 'void'
C:\Users\eliah\source\repos\Restaurant-Final_Project\Restaurant-Final_Project\Functions.h(219): warning C4715: 'GetCdOrderByNumber': not all control paths return a value
C:\Users\eliah\source\repos\Restaurant-Final_Project\Restaurant-Final_Project\File.h(69): warning C4715: 'ReadAdmins': not all control paths return a value
  Restaurant-Final_Project.vcxproj -> C:\Users\eliah\source\repos\Restaurant-Final_Project\Debug\Restaurant-Final_Project.exe
